<?xml version="1.0" encoding="UTF-8"?>
<!-- Generated by org.testng.reporters.JUnitReportReporter -->
<testsuite hostname="LAPTOP-KL0116VP" failures="0" tests="1" name="com.chandan.parabank.testcases.TC3_Parabank_Open_New_Account" time="19.743" errors="0" timestamp="2026-07-20T17:42:54 IST" skipped="0">
  <testcase classname="com.chandan.parabank.testcases.TC3_Parabank_Open_New_Account" name="FirstPage001" time="19.743"/>
</testsuite> <!-- com.chandan.parabank.testcases.TC3_Parabank_Open_New_Account -->
