<?xml version="1.0" encoding="UTF-8"?>
<!-- Generated by org.testng.reporters.JUnitReportReporter -->
<testsuite hostname="LAPTOP-KL0116VP" failures="0" tests="1" name="com.chandan.parabank.testcases.TC4_Parabank_Fund_Transfer" time="15.265" errors="0" timestamp="2026-07-20T18:23:37 IST" skipped="0">
  <testcase classname="com.chandan.parabank.testcases.TC4_Parabank_Fund_Transfer" name="FirstPage001" time="15.265"/>
</testsuite> <!-- com.chandan.parabank.testcases.TC4_Parabank_Fund_Transfer -->
