<?xml version="1.0" encoding="UTF-8"?>
<!-- Generated by org.testng.reporters.JUnitXMLReporter -->
<testsuite ignored="0" hostname="LAPTOP-KL0116VP" failures="0" tests="2" name="com.chandan.parabank.testcases" time="39.908" errors="0" timestamp="2026-07-20T18:38:23 IST">
  <testcase classname="com.chandan.parabank.testcases.TC1_Parabank_Registration" name="FirstPage001" time="17.241"/>
  <testcase classname="com.chandan.parabank.testcases.TC4_Parabank_Fund_Transfer" name="FirstPage001" time="10.655"/>
</testsuite> <!-- com.chandan.parabank.testcases -->
