<?xml version="1.0" encoding="UTF-8"?>
<testng-results ignored="0" total="1" passed="1" failed="0" skipped="0">
  <reporter-output>
  </reporter-output>
  <suite started-at="2026-07-08T19:12:20 IST" name="Hybrid Framework Suite" finished-at="2026-07-08T19:12:45 IST" duration-ms="25397">
    <groups>
    </groups>
    <test started-at="2026-07-08T19:12:20 IST" name="com.chandan.parabank.testcases" finished-at="2026-07-08T19:12:45 IST" duration-ms="25397">
      <class name="com.chandan.parabank.testcases.TC1_Parabank_Registration">
        <test-method is-config="true" signature="setUp(java.lang.String,java.lang.String)[pri:0, instance:com.chandan.parabank.testcases.TC1_Parabank_Registration@682b2fa]" started-at="2026-07-08T19:12:21 IST" name="setUp" finished-at="2026-07-08T19:12:27 IST" duration-ms="5989" status="PASS">
          <params>
            <param index="0">
              <value>
                <![CDATA[Chrome]]>
              </value>
            </param>
            <param index="1">
              <value>
                <![CDATA[https://parabank.parasoft.com/parabank/index.htm;jsessionid=2FC12CDC3776C0308096F3336C8BCF9E]]>
              </value>
            </param>
          </params>
          <reporter-output>
          </reporter-output>
        </test-method> <!-- setUp -->
        <test-method signature="FirstPage001(java.lang.String,java.lang.String,java.lang.String,java.lang.String,java.lang.String,java.lang.String,java.lang.String,java.lang.String,java.lang.String,java.lang.String,java.lang.String)[pri:0, instance:com.chandan.parabank.testcases.TC1_Parabank_Registration@682b2fa]" started-at="2026-07-08T19:12:27 IST" name="FirstPage001" data-provider="ParabankRegistrationData" finished-at="2026-07-08T19:12:45 IST" duration-ms="17933" status="PASS">
          <params>
            <param index="0">
              <value>
                <![CDATA[Chandan]]>
              </value>
            </param>
            <param index="1">
              <value>
                <![CDATA[Sah]]>
              </value>
            </param>
            <param index="2">
              <value>
                <![CDATA[Kolkata]]>
              </value>
            </param>
            <param index="3">
              <value>
                <![CDATA[Nayapati]]>
              </value>
            </param>
            <param index="4">
              <value>
                <![CDATA[WesBengal]]>
              </value>
            </param>
            <param index="5">
              <value>
                <![CDATA[700102]]>
              </value>
            </param>
            <param index="6">
              <value>
                <![CDATA[7975762194]]>
              </value>
            </param>
            <param index="7">
              <value>
                <![CDATA[1245]]>
              </value>
            </param>
            <param index="8">
              <value>
                <![CDATA[ChandanKr]]>
              </value>
            </param>
            <param index="9">
              <value>
                <![CDATA[Chandan@2]]>
              </value>
            </param>
            <param index="10">
              <value>
                <![CDATA[Chandan@2]]>
              </value>
            </param>
          </params>
          <reporter-output>
          </reporter-output>
        </test-method> <!-- FirstPage001 -->
        <test-method is-config="true" signature="tearDown()[pri:0, instance:com.chandan.parabank.testcases.TC1_Parabank_Registration@682b2fa]" started-at="2026-07-08T19:12:45 IST" name="tearDown" finished-at="2026-07-08T19:12:45 IST" duration-ms="2" status="PASS">
          <reporter-output>
          </reporter-output>
        </test-method> <!-- tearDown -->
      </class> <!-- com.chandan.parabank.testcases.TC1_Parabank_Registration -->
    </test> <!-- com.chandan.parabank.testcases -->
  </suite> <!-- Hybrid Framework Suite -->
</testng-results>
