<?xml version="1.0" encoding="UTF-8"?>
<testng-results ignored="0" total="1" passed="1" failed="0" skipped="0">
  <reporter-output>
  </reporter-output>
  <suite started-at="2026-06-21T23:04:15 IST" name="Hybrid Framework Suite" finished-at="2026-06-21T23:04:27 IST" duration-ms="12727">
    <groups>
    </groups>
    <test started-at="2026-06-21T23:04:15 IST" name="com.chandan.parabank.testcases" finished-at="2026-06-21T23:04:27 IST" duration-ms="12727">
      <class name="com.chandan.parabank.testcases.TC1_Parabank_Registration">
        <test-method is-config="true" signature="setUp(java.lang.String,java.lang.String)[pri:0, instance:com.chandan.parabank.testcases.TC1_Parabank_Registration@2f67a4d3]" started-at="2026-06-21T23:04:15 IST" name="setUp" finished-at="2026-06-21T23:04:27 IST" duration-ms="12292" status="PASS">
          <params>
            <param index="0">
              <value>
                <![CDATA[Chrome]]>
              </value>
            </param>
            <param index="1">
              <value>
                <![CDATA[https://parabank.parasoft.com/parabank/index.htm;jsessionid=2FC12CDC3776C0308096F3336C8BCF9E]]>
              </value>
            </param>
          </params>
          <reporter-output>
          </reporter-output>
        </test-method> <!-- setUp -->
        <test-method signature="registerUser()[pri:0, instance:com.chandan.parabank.testcases.TC1_Parabank_Registration@2f67a4d3]" started-at="2026-06-21T23:04:27 IST" name="registerUser" finished-at="2026-06-21T23:04:27 IST" duration-ms="45" status="PASS">
          <reporter-output>
          </reporter-output>
        </test-method> <!-- registerUser -->
        <test-method is-config="true" signature="tearDown()[pri:0, instance:com.chandan.parabank.testcases.TC1_Parabank_Registration@2f67a4d3]" started-at="2026-06-21T23:04:27 IST" name="tearDown" finished-at="2026-06-21T23:04:27 IST" duration-ms="2" status="PASS">
          <reporter-output>
          </reporter-output>
        </test-method> <!-- tearDown -->
      </class> <!-- com.chandan.parabank.testcases.TC1_Parabank_Registration -->
    </test> <!-- com.chandan.parabank.testcases -->
  </suite> <!-- Hybrid Framework Suite -->
</testng-results>
